[     672ms] [INFO] Connecting to 'wss://cstm.baidu.com/log/index' violates the following Content Security Policy directive: "default-src https: 'unsafe-inline' 'unsafe-eval' data: blob:". Note that 'connect-src' was not explicitly set, so 'default-src' is used as a fallback. The policy is report-only, so the violation has been logged but no further action has been taken. @ https://bkssl.bdimg.com/resource/lemma/lemma_1a88f8ac.js:0
[    2017ms] [ERROR] NotAllowedError: play() failed because the user didn't interact with the document first. https://goo.gl/xX8pDD @ https://bkssl.bdimg.com/resource/lemma/762_3e89f333.js:0
[    2044ms] [INFO] Loading the image 'http://f7.baidu.com/it/u=113617646,2655838594&fm=222&app=106&f=JPEG?w=1080&h=608&s=27B55D875C9245FF531468B703005002' violates the following Content Security Policy directive: "default-src https: 'unsafe-inline' 'unsafe-eval' data: blob:". Note that 'img-src' was not explicitly set, so 'default-src' is used as a fallback. The policy is report-only, so the violation has been logged but no further action has been taken. @ https://baike.baidu.com/item/%E7%B4%AB%E9%87%91%E9%99%88/1712344:0
[    2044ms] [WARNING] Mixed Content: The page at 'https://baike.baidu.com/item/%E7%B4%AB%E9%87%91%E9%99%88/1712344' was loaded over HTTPS, but requested an insecure element 'http://f7.baidu.com/it/u=113617646,2655838594&fm=222&app=106&f=JPEG?w=1080&h=608&s=27B55D875C9245FF531468B703005002'. This request was automatically upgraded to HTTPS, For more information see https://blog.chromium.org/2019/10/no-more-mixed-messages-about-https.html @ https://baike.baidu.com/item/%E7%B4%AB%E9%87%91%E9%99%88/1712344:0
[    2044ms] [INFO] Loading the image 'http://t13.baidu.com/it/u=3085362510,627073633&fm=225&app=113&f=JPEG?w=1920&h=1080&s=9A8A8345544079591484C5660300F073' violates the following Content Security Policy directive: "default-src https: 'unsafe-inline' 'unsafe-eval' data: blob:". Note that 'img-src' was not explicitly set, so 'default-src' is used as a fallback. The policy is report-only, so the violation has been logged but no further action has been taken. @ https://baike.baidu.com/item/%E7%B4%AB%E9%87%91%E9%99%88/1712344:0
[    2044ms] [WARNING] Mixed Content: The page at 'https://baike.baidu.com/item/%E7%B4%AB%E9%87%91%E9%99%88/1712344' was loaded over HTTPS, but requested an insecure element 'http://t13.baidu.com/it/u=3085362510,627073633&fm=225&app=113&f=JPEG?w=1920&h=1080&s=9A8A8345544079591484C5660300F073'. This request was automatically upgraded to HTTPS, For more information see https://blog.chromium.org/2019/10/no-more-mixed-messages-about-https.html @ https://baike.baidu.com/item/%E7%B4%AB%E9%87%91%E9%99%88/1712344:0
[   19024ms] [ERROR] AbortError: The play() request was interrupted by a call to pause(). https://goo.gl/LdLk22 @ https://bkssl.bdimg.com/resource/lemma/762_3e89f333.js:0
[   19024ms] [ERROR] AbortError: The play() request was interrupted by a call to pause(). https://goo.gl/LdLk22 @ https://bkssl.bdimg.com/resource/lemma/762_3e89f333.js:0
[   19024ms] [ERROR] AbortError: The play() request was interrupted by a call to pause(). https://goo.gl/LdLk22 @ https://bkssl.bdimg.com/resource/lemma/762_3e89f333.js:0
[   19024ms] [ERROR] AbortError: The play() request was interrupted by a call to pause(). https://goo.gl/LdLk22 @ https://bkssl.bdimg.com/resource/lemma/762_3e89f333.js:0
[   19024ms] [ERROR] AbortError: The play() request was interrupted by a call to pause(). https://goo.gl/LdLk22 @ https://bkssl.bdimg.com/resource/lemma/762_3e89f333.js:0
[   19024ms] [ERROR] AbortError: The play() request was interrupted by a call to pause(). https://goo.gl/LdLk22 @ https://bkssl.bdimg.com/resource/lemma/762_3e89f333.js:0
[   19024ms] [ERROR] AbortError: The play() request was interrupted by a call to pause(). https://goo.gl/LdLk22 @ https://bkssl.bdimg.com/resource/lemma/762_3e89f333.js:0
[   19024ms] [ERROR] AbortError: The play() request was interrupted by a call to pause(). https://goo.gl/LdLk22 @ https://bkssl.bdimg.com/resource/lemma/762_3e89f333.js:0
[   19024ms] [ERROR] AbortError: The play() request was interrupted by a call to pause(). https://goo.gl/LdLk22 @ https://bkssl.bdimg.com/resource/lemma/762_3e89f333.js:0
[   19025ms] [ERROR] AbortError: The play() request was interrupted by a call to pause(). https://goo.gl/LdLk22 @ https://bkssl.bdimg.com/resource/lemma/762_3e89f333.js:0
[   19025ms] [ERROR] AbortError: The play() request was interrupted by a call to pause(). https://goo.gl/LdLk22 @ https://bkssl.bdimg.com/resource/lemma/762_3e89f333.js:0
[   19025ms] [ERROR] AbortError: The play() request was interrupted by a call to pause(). https://goo.gl/LdLk22 @ https://bkssl.bdimg.com/resource/lemma/762_3e89f333.js:0
[   19025ms] [ERROR] AbortError: The play() request was interrupted by a call to pause(). https://goo.gl/LdLk22 @ https://bkssl.bdimg.com/resource/lemma/762_3e89f333.js:0
[   19026ms] [ERROR] AbortError: The play() request was interrupted by a call to pause(). https://goo.gl/LdLk22 @ https://bkssl.bdimg.com/resource/lemma/762_3e89f333.js:0
[   19026ms] [ERROR] AbortError: The play() request was interrupted by a call to pause(). https://goo.gl/LdLk22 @ https://bkssl.bdimg.com/resource/lemma/762_3e89f333.js:0
[   19026ms] [ERROR] AbortError: The play() request was interrupted by a call to pause(). https://goo.gl/LdLk22 @ https://bkssl.bdimg.com/resource/lemma/762_3e89f333.js:0
[   19026ms] [ERROR] AbortError: The play() request was interrupted by a call to pause(). https://goo.gl/LdLk22 @ https://bkssl.bdimg.com/resource/lemma/762_3e89f333.js:0
[   19026ms] [ERROR] AbortError: The play() request was interrupted by a call to pause(). https://goo.gl/LdLk22 @ https://bkssl.bdimg.com/resource/lemma/762_3e89f333.js:0
[   19026ms] [ERROR] AbortError: The play() request was interrupted by a call to pause(). https://goo.gl/LdLk22 @ https://bkssl.bdimg.com/resource/lemma/762_3e89f333.js:0
[   19026ms] [ERROR] AbortError: The play() request was interrupted by a call to pause(). https://goo.gl/LdLk22 @ https://bkssl.bdimg.com/resource/lemma/762_3e89f333.js:0
[   19026ms] [ERROR] AbortError: The play() request was interrupted by a call to pause(). https://goo.gl/LdLk22 @ https://bkssl.bdimg.com/resource/lemma/762_3e89f333.js:0
[   19026ms] [ERROR] AbortError: The play() request was interrupted by a call to pause(). https://goo.gl/LdLk22 @ https://bkssl.bdimg.com/resource/lemma/762_3e89f333.js:0
[   19026ms] [ERROR] AbortError: The play() request was interrupted by a call to pause(). https://goo.gl/LdLk22 @ https://bkssl.bdimg.com/resource/lemma/762_3e89f333.js:0
[   19026ms] [ERROR] AbortError: The play() request was interrupted by a call to pause(). https://goo.gl/LdLk22 @ https://bkssl.bdimg.com/resource/lemma/762_3e89f333.js:0
[   19026ms] [ERROR] AbortError: The play() request was interrupted by a call to pause(). https://goo.gl/LdLk22 @ https://bkssl.bdimg.com/resource/lemma/762_3e89f333.js:0
[   19026ms] [ERROR] AbortError: The play() request was interrupted by a call to pause(). https://goo.gl/LdLk22 @ https://bkssl.bdimg.com/resource/lemma/762_3e89f333.js:0
[   19027ms] [ERROR] AbortError: The play() request was interrupted by a call to pause(). https://goo.gl/LdLk22 @ https://bkssl.bdimg.com/resource/lemma/762_3e89f333.js:0
[   19027ms] [ERROR] AbortError: The play() request was interrupted by a call to pause(). https://goo.gl/LdLk22 @ https://bkssl.bdimg.com/resource/lemma/762_3e89f333.js:0
[   19027ms] [ERROR] AbortError: The play() request was interrupted by a call to pause(). https://goo.gl/LdLk22 @ https://bkssl.bdimg.com/resource/lemma/762_3e89f333.js:0
[   19027ms] [ERROR] AbortError: The play() request was interrupted by a call to pause(). https://goo.gl/LdLk22 @ https://bkssl.bdimg.com/resource/lemma/762_3e89f333.js:0
[   19027ms] [ERROR] AbortError: The play() request was interrupted by a call to pause(). https://goo.gl/LdLk22 @ https://bkssl.bdimg.com/resource/lemma/762_3e89f333.js:0
[   19027ms] [ERROR] AbortError: The play() request was interrupted by a call to pause(). https://goo.gl/LdLk22 @ https://bkssl.bdimg.com/resource/lemma/762_3e89f333.js:0
[   19027ms] [ERROR] AbortError: The play() request was interrupted by a call to pause(). https://goo.gl/LdLk22 @ https://bkssl.bdimg.com/resource/lemma/762_3e89f333.js:0
[   19027ms] [ERROR] AbortError: The play() request was interrupted by a call to pause(). https://goo.gl/LdLk22 @ https://bkssl.bdimg.com/resource/lemma/762_3e89f333.js:0
[   19027ms] [ERROR] AbortError: The play() request was interrupted by a call to pause(). https://goo.gl/LdLk22 @ https://bkssl.bdimg.com/resource/lemma/762_3e89f333.js:0
[   19027ms] [ERROR] AbortError: The play() request was interrupted by a call to pause(). https://goo.gl/LdLk22 @ https://bkssl.bdimg.com/resource/lemma/762_3e89f333.js:0
[   19027ms] [ERROR] AbortError: The play() request was interrupted by a call to pause(). https://goo.gl/LdLk22 @ https://bkssl.bdimg.com/resource/lemma/762_3e89f333.js:0
[   19027ms] [ERROR] AbortError: The play() request was interrupted by a call to pause(). https://goo.gl/LdLk22 @ https://bkssl.bdimg.com/resource/lemma/762_3e89f333.js:0
[   19027ms] [ERROR] AbortError: The play() request was interrupted by a call to pause(). https://goo.gl/LdLk22 @ https://bkssl.bdimg.com/resource/lemma/762_3e89f333.js:0
[   19027ms] [ERROR] AbortError: The play() request was interrupted by a call to pause(). https://goo.gl/LdLk22 @ https://bkssl.bdimg.com/resource/lemma/762_3e89f333.js:0
[   19028ms] [ERROR] AbortError: The play() request was interrupted by a call to pause(). https://goo.gl/LdLk22 @ https://bkssl.bdimg.com/resource/lemma/762_3e89f333.js:0
[   19028ms] [ERROR] AbortError: The play() request was interrupted by a call to pause(). https://goo.gl/LdLk22 @ https://bkssl.bdimg.com/resource/lemma/762_3e89f333.js:0
[   19028ms] [ERROR] AbortError: The play() request was interrupted by a call to pause(). https://goo.gl/LdLk22 @ https://bkssl.bdimg.com/resource/lemma/762_3e89f333.js:0
[   19028ms] [ERROR] AbortError: The play() request was interrupted by a call to pause(). https://goo.gl/LdLk22 @ https://bkssl.bdimg.com/resource/lemma/762_3e89f333.js:0
[   19028ms] [ERROR] AbortError: The play() request was interrupted by a call to pause(). https://goo.gl/LdLk22 @ https://bkssl.bdimg.com/resource/lemma/762_3e89f333.js:0
[   19028ms] [ERROR] AbortError: The play() request was interrupted by a call to pause(). https://goo.gl/LdLk22 @ https://bkssl.bdimg.com/resource/lemma/762_3e89f333.js:0
[   19029ms] [ERROR] AbortError: The play() request was interrupted by a call to pause(). https://goo.gl/LdLk22 @ https://bkssl.bdimg.com/resource/lemma/762_3e89f333.js:0
[   19030ms] [ERROR] AbortError: The play() request was interrupted by a call to pause(). https://goo.gl/LdLk22 @ https://bkssl.bdimg.com/resource/lemma/762_3e89f333.js:0
[   19030ms] [ERROR] AbortError: The play() request was interrupted by a call to pause(). https://goo.gl/LdLk22 @ https://bkssl.bdimg.com/resource/lemma/762_3e89f333.js:0
[   19030ms] [ERROR] AbortError: The play() request was interrupted by a call to pause(). https://goo.gl/LdLk22 @ https://bkssl.bdimg.com/resource/lemma/762_3e89f333.js:0
[   19030ms] [ERROR] AbortError: The play() request was interrupted by a call to pause(). https://goo.gl/LdLk22 @ https://bkssl.bdimg.com/resource/lemma/762_3e89f333.js:0
[   19030ms] [ERROR] AbortError: The play() request was interrupted by a call to pause(). https://goo.gl/LdLk22 @ https://bkssl.bdimg.com/resource/lemma/762_3e89f333.js:0
[   19030ms] [ERROR] AbortError: The play() request was interrupted by a call to pause(). https://goo.gl/LdLk22 @ https://bkssl.bdimg.com/resource/lemma/762_3e89f333.js:0
[   19030ms] [ERROR] AbortError: The play() request was interrupted by a call to pause(). https://goo.gl/LdLk22 @ https://bkssl.bdimg.com/resource/lemma/762_3e89f333.js:0
[   19031ms] [ERROR] AbortError: The play() request was interrupted by a call to pause(). https://goo.gl/LdLk22 @ https://bkssl.bdimg.com/resource/lemma/762_3e89f333.js:0
[   19031ms] [ERROR] AbortError: The play() request was interrupted by a call to pause(). https://goo.gl/LdLk22 @ https://bkssl.bdimg.com/resource/lemma/762_3e89f333.js:0
[   19031ms] [ERROR] AbortError: The play() request was interrupted by a call to pause(). https://goo.gl/LdLk22 @ https://bkssl.bdimg.com/resource/lemma/762_3e89f333.js:0
[   19031ms] [ERROR] AbortError: The play() request was interrupted by a call to pause(). https://goo.gl/LdLk22 @ https://bkssl.bdimg.com/resource/lemma/762_3e89f333.js:0
[   19031ms] [ERROR] AbortError: The play() request was interrupted by a call to pause(). https://goo.gl/LdLk22 @ https://bkssl.bdimg.com/resource/lemma/762_3e89f333.js:0
[   19031ms] [ERROR] AbortError: The play() request was interrupted by a call to pause(). https://goo.gl/LdLk22 @ https://bkssl.bdimg.com/resource/lemma/762_3e89f333.js:0
[   19031ms] [ERROR] AbortError: The play() request was interrupted by a call to pause(). https://goo.gl/LdLk22 @ https://bkssl.bdimg.com/resource/lemma/762_3e89f333.js:0
[   19031ms] [ERROR] AbortError: The play() request was interrupted by a call to pause(). https://goo.gl/LdLk22 @ https://bkssl.bdimg.com/resource/lemma/762_3e89f333.js:0
[   19031ms] [ERROR] AbortError: The play() request was interrupted by a call to pause(). https://goo.gl/LdLk22 @ https://bkssl.bdimg.com/resource/lemma/762_3e89f333.js:0
[   19031ms] [ERROR] AbortError: The play() request was interrupted by a call to pause(). https://goo.gl/LdLk22 @ https://bkssl.bdimg.com/resource/lemma/762_3e89f333.js:0
[   19031ms] [ERROR] AbortError: The play() request was interrupted by a call to pause(). https://goo.gl/LdLk22 @ https://bkssl.bdimg.com/resource/lemma/762_3e89f333.js:0
[   19031ms] [ERROR] AbortError: The play() request was interrupted by a call to pause(). https://goo.gl/LdLk22 @ https://bkssl.bdimg.com/resource/lemma/762_3e89f333.js:0
[   19032ms] [ERROR] AbortError: The play() request was interrupted by a call to pause(). https://goo.gl/LdLk22 @ https://bkssl.bdimg.com/resource/lemma/762_3e89f333.js:0
[   19032ms] [ERROR] AbortError: The play() request was interrupted by a call to pause(). https://goo.gl/LdLk22 @ https://bkssl.bdimg.com/resource/lemma/762_3e89f333.js:0
[   19032ms] [ERROR] AbortError: The play() request was interrupted by a call to pause(). https://goo.gl/LdLk22 @ https://bkssl.bdimg.com/resource/lemma/762_3e89f333.js:0
[   19032ms] [ERROR] AbortError: The play() request was interrupted by a call to pause(). https://goo.gl/LdLk22 @ https://bkssl.bdimg.com/resource/lemma/762_3e89f333.js:0
[   19032ms] [ERROR] AbortError: The play() request was interrupted by a call to pause(). https://goo.gl/LdLk22 @ https://bkssl.bdimg.com/resource/lemma/762_3e89f333.js:0
[   19032ms] [ERROR] AbortError: The play() request was interrupted by a call to pause(). https://goo.gl/LdLk22 @ https://bkssl.bdimg.com/resource/lemma/762_3e89f333.js:0
[   19032ms] [ERROR] AbortError: The play() request was interrupted by a call to pause(). https://goo.gl/LdLk22 @ https://bkssl.bdimg.com/resource/lemma/762_3e89f333.js:0
[   19032ms] [ERROR] AbortError: The play() request was interrupted by a call to pause(). https://goo.gl/LdLk22 @ https://bkssl.bdimg.com/resource/lemma/762_3e89f333.js:0
[   19032ms] [ERROR] AbortError: The play() request was interrupted by a call to pause(). https://goo.gl/LdLk22 @ https://bkssl.bdimg.com/resource/lemma/762_3e89f333.js:0
[   19032ms] [ERROR] AbortError: The play() request was interrupted by a call to pause(). https://goo.gl/LdLk22 @ https://bkssl.bdimg.com/resource/lemma/762_3e89f333.js:0
[   19032ms] [ERROR] AbortError: The play() request was interrupted by a call to pause(). https://goo.gl/LdLk22 @ https://bkssl.bdimg.com/resource/lemma/762_3e89f333.js:0
[   19032ms] [ERROR] AbortError: The play() request was interrupted by a call to pause(). https://goo.gl/LdLk22 @ https://bkssl.bdimg.com/resource/lemma/762_3e89f333.js:0
[   19032ms] [ERROR] AbortError: The play() request was interrupted by a call to pause(). https://goo.gl/LdLk22 @ https://bkssl.bdimg.com/resource/lemma/762_3e89f333.js:0
[   19032ms] [ERROR] AbortError: The play() request was interrupted by a call to pause(). https://goo.gl/LdLk22 @ https://bkssl.bdimg.com/resource/lemma/762_3e89f333.js:0
[   19033ms] [ERROR] AbortError: The play() request was interrupted by a call to pause(). https://goo.gl/LdLk22 @ https://bkssl.bdimg.com/resource/lemma/762_3e89f333.js:0
[   19033ms] [ERROR] AbortError: The play() request was interrupted by a call to pause(). https://goo.gl/LdLk22 @ https://bkssl.bdimg.com/resource/lemma/762_3e89f333.js:0
[   19033ms] [ERROR] AbortError: The play() request was interrupted by a call to pause(). https://goo.gl/LdLk22 @ https://bkssl.bdimg.com/resource/lemma/762_3e89f333.js:0
[   19033ms] [ERROR] AbortError: The play() request was interrupted by a call to pause(). https://goo.gl/LdLk22 @ https://bkssl.bdimg.com/resource/lemma/762_3e89f333.js:0
[   19033ms] [ERROR] AbortError: The play() request was interrupted by a call to pause(). https://goo.gl/LdLk22 @ https://bkssl.bdimg.com/resource/lemma/762_3e89f333.js:0
[   19033ms] [ERROR] AbortError: The play() request was interrupted by a call to pause(). https://goo.gl/LdLk22 @ https://bkssl.bdimg.com/resource/lemma/762_3e89f333.js:0
[   19033ms] [ERROR] AbortError: The play() request was interrupted by a call to pause(). https://goo.gl/LdLk22 @ https://bkssl.bdimg.com/resource/lemma/762_3e89f333.js:0
[   19033ms] [ERROR] AbortError: The play() request was interrupted by a call to pause(). https://goo.gl/LdLk22 @ https://bkssl.bdimg.com/resource/lemma/762_3e89f333.js:0
[   19033ms] [ERROR] AbortError: The play() request was interrupted by a call to pause(). https://goo.gl/LdLk22 @ https://bkssl.bdimg.com/resource/lemma/762_3e89f333.js:0
[   19033ms] [ERROR] AbortError: The play() request was interrupted by a call to pause(). https://goo.gl/LdLk22 @ https://bkssl.bdimg.com/resource/lemma/762_3e89f333.js:0
[   19033ms] [ERROR] AbortError: The play() request was interrupted by a call to pause(). https://goo.gl/LdLk22 @ https://bkssl.bdimg.com/resource/lemma/762_3e89f333.js:0
[   19033ms] [ERROR] AbortError: The play() request was interrupted by a call to pause(). https://goo.gl/LdLk22 @ https://bkssl.bdimg.com/resource/lemma/762_3e89f333.js:0
[   19033ms] [ERROR] AbortError: The play() request was interrupted by a call to pause(). https://goo.gl/LdLk22 @ https://bkssl.bdimg.com/resource/lemma/762_3e89f333.js:0
[   19034ms] [ERROR] AbortError: The play() request was interrupted by a call to pause(). https://goo.gl/LdLk22 @ https://bkssl.bdimg.com/resource/lemma/762_3e89f333.js:0
[   19034ms] [ERROR] AbortError: The play() request was interrupted by a call to pause(). https://goo.gl/LdLk22 @ https://bkssl.bdimg.com/resource/lemma/762_3e89f333.js:0
[   19034ms] [ERROR] AbortError: The play() request was interrupted by a call to pause(). https://goo.gl/LdLk22 @ https://bkssl.bdimg.com/resource/lemma/762_3e89f333.js:0
[   19034ms] [ERROR] AbortError: The play() request was interrupted by a call to pause(). https://goo.gl/LdLk22 @ https://bkssl.bdimg.com/resource/lemma/762_3e89f333.js:0
[   19034ms] [ERROR] AbortError: The play() request was interrupted by a call to pause(). https://goo.gl/LdLk22 @ https://bkssl.bdimg.com/resource/lemma/762_3e89f333.js:0
[   19034ms] [ERROR] AbortError: The play() request was interrupted by a call to pause(). https://goo.gl/LdLk22 @ https://bkssl.bdimg.com/resource/lemma/762_3e89f333.js:0
[   19034ms] [ERROR] AbortError: The play() request was interrupted by a call to pause(). https://goo.gl/LdLk22 @ https://bkssl.bdimg.com/resource/lemma/762_3e89f333.js:0
[   19034ms] [ERROR] AbortError: The play() request was interrupted by a call to pause(). https://goo.gl/LdLk22 @ https://bkssl.bdimg.com/resource/lemma/762_3e89f333.js:0
[   19034ms] [ERROR] AbortError: The play() request was interrupted by a call to pause(). https://goo.gl/LdLk22 @ https://bkssl.bdimg.com/resource/lemma/762_3e89f333.js:0
[   19034ms] [ERROR] AbortError: The play() request was interrupted by a call to pause(). https://goo.gl/LdLk22 @ https://bkssl.bdimg.com/resource/lemma/762_3e89f333.js:0
[   19034ms] [ERROR] AbortError: The play() request was interrupted by a call to pause(). https://goo.gl/LdLk22 @ https://bkssl.bdimg.com/resource/lemma/762_3e89f333.js:0
[   19034ms] [ERROR] AbortError: The play() request was interrupted by a call to pause(). https://goo.gl/LdLk22 @ https://bkssl.bdimg.com/resource/lemma/762_3e89f333.js:0
[   19034ms] [ERROR] AbortError: The play() request was interrupted by a call to pause(). https://goo.gl/LdLk22 @ https://bkssl.bdimg.com/resource/lemma/762_3e89f333.js:0
[   19034ms] [ERROR] AbortError: The play() request was interrupted by a call to pause(). https://goo.gl/LdLk22 @ https://bkssl.bdimg.com/resource/lemma/762_3e89f333.js:0
[   19034ms] [ERROR] AbortError: The play() request was interrupted by a call to pause(). https://goo.gl/LdLk22 @ https://bkssl.bdimg.com/resource/lemma/762_3e89f333.js:0
[   19035ms] [ERROR] AbortError: The play() request was interrupted by a call to pause(). https://goo.gl/LdLk22 @ https://bkssl.bdimg.com/resource/lemma/762_3e89f333.js:0
[   19035ms] [ERROR] AbortError: The play() request was interrupted by a call to pause(). https://goo.gl/LdLk22 @ https://bkssl.bdimg.com/resource/lemma/762_3e89f333.js:0
[   19035ms] [ERROR] AbortError: The play() request was interrupted by a call to pause(). https://goo.gl/LdLk22 @ https://bkssl.bdimg.com/resource/lemma/762_3e89f333.js:0
[   19035ms] [ERROR] AbortError: The play() request was interrupted by a call to pause(). https://goo.gl/LdLk22 @ https://bkssl.bdimg.com/resource/lemma/762_3e89f333.js:0
[   19035ms] [ERROR] AbortError: The play() request was interrupted by a call to pause(). https://goo.gl/LdLk22 @ https://bkssl.bdimg.com/resource/lemma/762_3e89f333.js:0
[   19035ms] [ERROR] AbortError: The play() request was interrupted by a call to pause(). https://goo.gl/LdLk22 @ https://bkssl.bdimg.com/resource/lemma/762_3e89f333.js:0
[   19035ms] [ERROR] AbortError: The play() request was interrupted by a call to pause(). https://goo.gl/LdLk22 @ https://bkssl.bdimg.com/resource/lemma/762_3e89f333.js:0
[   19035ms] [ERROR] AbortError: The play() request was interrupted by a call to pause(). https://goo.gl/LdLk22 @ https://bkssl.bdimg.com/resource/lemma/762_3e89f333.js:0
[   19035ms] [ERROR] AbortError: The play() request was interrupted by a call to pause(). https://goo.gl/LdLk22 @ https://bkssl.bdimg.com/resource/lemma/762_3e89f333.js:0
[   19035ms] [ERROR] AbortError: The play() request was interrupted by a call to pause(). https://goo.gl/LdLk22 @ https://bkssl.bdimg.com/resource/lemma/762_3e89f333.js:0
[   19035ms] [ERROR] AbortError: The play() request was interrupted by a call to pause(). https://goo.gl/LdLk22 @ https://bkssl.bdimg.com/resource/lemma/762_3e89f333.js:0
[   19035ms] [ERROR] AbortError: The play() request was interrupted by a call to pause(). https://goo.gl/LdLk22 @ https://bkssl.bdimg.com/resource/lemma/762_3e89f333.js:0
[   19035ms] [ERROR] AbortError: The play() request was interrupted by a call to pause(). https://goo.gl/LdLk22 @ https://bkssl.bdimg.com/resource/lemma/762_3e89f333.js:0
[   19035ms] [ERROR] AbortError: The play() request was interrupted by a call to pause(). https://goo.gl/LdLk22 @ https://bkssl.bdimg.com/resource/lemma/762_3e89f333.js:0
[   19035ms] [ERROR] AbortError: The play() request was interrupted by a call to pause(). https://goo.gl/LdLk22 @ https://bkssl.bdimg.com/resource/lemma/762_3e89f333.js:0
[   19035ms] [ERROR] AbortError: The play() request was interrupted by a call to pause(). https://goo.gl/LdLk22 @ https://bkssl.bdimg.com/resource/lemma/762_3e89f333.js:0
[   19036ms] [ERROR] AbortError: The play() request was interrupted by a call to pause(). https://goo.gl/LdLk22 @ https://bkssl.bdimg.com/resource/lemma/762_3e89f333.js:0
[   19036ms] [ERROR] AbortError: The play() request was interrupted by a call to pause(). https://goo.gl/LdLk22 @ https://bkssl.bdimg.com/resource/lemma/762_3e89f333.js:0
[   19036ms] [ERROR] AbortError: The play() request was interrupted by a call to pause(). https://goo.gl/LdLk22 @ https://bkssl.bdimg.com/resource/lemma/762_3e89f333.js:0
[   19036ms] [ERROR] AbortError: The play() request was interrupted by a call to pause(). https://goo.gl/LdLk22 @ https://bkssl.bdimg.com/resource/lemma/762_3e89f333.js:0
[   19036ms] [ERROR] AbortError: The play() request was interrupted by a call to pause(). https://goo.gl/LdLk22 @ https://bkssl.bdimg.com/resource/lemma/762_3e89f333.js:0
[   19036ms] [ERROR] AbortError: The play() request was interrupted by a call to pause(). https://goo.gl/LdLk22 @ https://bkssl.bdimg.com/resource/lemma/762_3e89f333.js:0
[   19036ms] [ERROR] AbortError: The play() request was interrupted by a call to pause(). https://goo.gl/LdLk22 @ https://bkssl.bdimg.com/resource/lemma/762_3e89f333.js:0
[   19036ms] [ERROR] AbortError: The play() request was interrupted by a call to pause(). https://goo.gl/LdLk22 @ https://bkssl.bdimg.com/resource/lemma/762_3e89f333.js:0
[   19036ms] [ERROR] AbortError: The play() request was interrupted by a call to pause(). https://goo.gl/LdLk22 @ https://bkssl.bdimg.com/resource/lemma/762_3e89f333.js:0
[   19036ms] [ERROR] AbortError: The play() request was interrupted by a call to pause(). https://goo.gl/LdLk22 @ https://bkssl.bdimg.com/resource/lemma/762_3e89f333.js:0
[   19036ms] [ERROR] AbortError: The play() request was interrupted by a call to pause(). https://goo.gl/LdLk22 @ https://bkssl.bdimg.com/resource/lemma/762_3e89f333.js:0
[   19036ms] [ERROR] AbortError: The play() request was interrupted by a call to pause(). https://goo.gl/LdLk22 @ https://bkssl.bdimg.com/resource/lemma/762_3e89f333.js:0
[   19036ms] [ERROR] AbortError: The play() request was interrupted by a call to pause(). https://goo.gl/LdLk22 @ https://bkssl.bdimg.com/resource/lemma/762_3e89f333.js:0
[   19036ms] [ERROR] AbortError: The play() request was interrupted by a call to pause(). https://goo.gl/LdLk22 @ https://bkssl.bdimg.com/resource/lemma/762_3e89f333.js:0
[   19036ms] [ERROR] AbortError: The play() request was interrupted by a call to pause(). https://goo.gl/LdLk22 @ https://bkssl.bdimg.com/resource/lemma/762_3e89f333.js:0
[   19036ms] [ERROR] AbortError: The play() request was interrupted by a call to pause(). https://goo.gl/LdLk22 @ https://bkssl.bdimg.com/resource/lemma/762_3e89f333.js:0
[   19037ms] [ERROR] AbortError: The play() request was interrupted by a call to pause(). https://goo.gl/LdLk22 @ https://bkssl.bdimg.com/resource/lemma/762_3e89f333.js:0
[   19037ms] [ERROR] AbortError: The play() request was interrupted by a call to pause(). https://goo.gl/LdLk22 @ https://bkssl.bdimg.com/resource/lemma/762_3e89f333.js:0
[   19037ms] [ERROR] AbortError: The play() request was interrupted by a call to pause(). https://goo.gl/LdLk22 @ https://bkssl.bdimg.com/resource/lemma/762_3e89f333.js:0
[   19037ms] [ERROR] AbortError: The play() request was interrupted by a call to pause(). https://goo.gl/LdLk22 @ https://bkssl.bdimg.com/resource/lemma/762_3e89f333.js:0
[   19039ms] [ERROR] AbortError: The play() request was interrupted by a call to pause(). https://goo.gl/LdLk22 @ https://bkssl.bdimg.com/resource/lemma/762_3e89f333.js:0
[   19039ms] [ERROR] AbortError: The play() request was interrupted by a call to pause(). https://goo.gl/LdLk22 @ https://bkssl.bdimg.com/resource/lemma/762_3e89f333.js:0
[   19039ms] [ERROR] AbortError: The play() request was interrupted by a call to pause(). https://goo.gl/LdLk22 @ https://bkssl.bdimg.com/resource/lemma/762_3e89f333.js:0
[   19039ms] [ERROR] AbortError: The play() request was interrupted by a call to pause(). https://goo.gl/LdLk22 @ https://bkssl.bdimg.com/resource/lemma/762_3e89f333.js:0
[   19039ms] [ERROR] AbortError: The play() request was interrupted by a call to pause(). https://goo.gl/LdLk22 @ https://bkssl.bdimg.com/resource/lemma/762_3e89f333.js:0
[   24743ms] [INFO] Loading the image 'http://tukuimg.bdstatic.com/processed/976da3c317effe42a857d5fd14e012f6.jpg@s_1,w_660,h_370' violates the following Content Security Policy directive: "default-src https: 'unsafe-inline' 'unsafe-eval' data: blob:". Note that 'img-src' was not explicitly set, so 'default-src' is used as a fallback. The policy is report-only, so the violation has been logged but no further action has been taken. @ https://baike.baidu.com/item/%E7%B4%AB%E9%87%91%E9%99%88/1712344:0
[   24744ms] [WARNING] Mixed Content: The page at 'https://baike.baidu.com/item/%E7%B4%AB%E9%87%91%E9%99%88/1712344' was loaded over HTTPS, but requested an insecure element 'http://tukuimg.bdstatic.com/processed/976da3c317effe42a857d5fd14e012f6.jpg@s_1,w_660,h_370'. This request was automatically upgraded to HTTPS, For more information see https://blog.chromium.org/2019/10/no-more-mixed-messages-about-https.html @ https://baike.baidu.com/item/%E7%B4%AB%E9%87%91%E9%99%88/1712344:0
[   31121ms] [INFO] Loading the image 'http://t15.baidu.com/it/u=3870201169,3490247790&fm=225&app=113&f=JPEG?w=1418&h=810&s=8D54CA034E922DF97E2045B003001087' violates the following Content Security Policy directive: "default-src https: 'unsafe-inline' 'unsafe-eval' data: blob:". Note that 'img-src' was not explicitly set, so 'default-src' is used as a fallback. The policy is report-only, so the violation has been logged but no further action has been taken. @ https://baike.baidu.com/item/%E7%B4%AB%E9%87%91%E9%99%88/1712344:0
[   31121ms] [WARNING] Mixed Content: The page at 'https://baike.baidu.com/item/%E7%B4%AB%E9%87%91%E9%99%88/1712344' was loaded over HTTPS, but requested an insecure element 'http://t15.baidu.com/it/u=3870201169,3490247790&fm=225&app=113&f=JPEG?w=1418&h=810&s=8D54CA034E922DF97E2045B003001087'. This request was automatically upgraded to HTTPS, For more information see https://blog.chromium.org/2019/10/no-more-mixed-messages-about-https.html @ https://baike.baidu.com/item/%E7%B4%AB%E9%87%91%E9%99%88/1712344:0
[   35896ms] [INFO] Loading the image 'http://f7.baidu.com/it/u=3274871132,4211899457&fm=222&app=106&f=JPEG@s_1,w_660,h_370' violates the following Content Security Policy directive: "default-src https: 'unsafe-inline' 'unsafe-eval' data: blob:". Note that 'img-src' was not explicitly set, so 'default-src' is used as a fallback. The policy is report-only, so the violation has been logged but no further action has been taken. @ https://baike.baidu.com/item/%E7%B4%AB%E9%87%91%E9%99%88/1712344:0
[   35897ms] [WARNING] Mixed Content: The page at 'https://baike.baidu.com/item/%E7%B4%AB%E9%87%91%E9%99%88/1712344' was loaded over HTTPS, but requested an insecure element 'http://f7.baidu.com/it/u=3274871132,4211899457&fm=222&app=106&f=JPEG@s_1,w_660,h_370'. This request was automatically upgraded to HTTPS, For more information see https://blog.chromium.org/2019/10/no-more-mixed-messages-about-https.html @ https://baike.baidu.com/item/%E7%B4%AB%E9%87%91%E9%99%88/1712344:0
[   36551ms] [INFO] Loading the image 'http://f7.baidu.com/it/u=331515765,112744028&fm=222&app=106&f=JPEG?w=1080&h=608&s=3D806B953A5644DC53B4688F03007060' violates the following Content Security Policy directive: "default-src https: 'unsafe-inline' 'unsafe-eval' data: blob:". Note that 'img-src' was not explicitly set, so 'default-src' is used as a fallback. The policy is report-only, so the violation has been logged but no further action has been taken. @ https://baike.baidu.com/item/%E7%B4%AB%E9%87%91%E9%99%88/1712344:0
[   36551ms] [WARNING] Mixed Content: The page at 'https://baike.baidu.com/item/%E7%B4%AB%E9%87%91%E9%99%88/1712344' was loaded over HTTPS, but requested an insecure element 'http://f7.baidu.com/it/u=331515765,112744028&fm=222&app=106&f=JPEG?w=1080&h=608&s=3D806B953A5644DC53B4688F03007060'. This request was automatically upgraded to HTTPS, For more information see https://blog.chromium.org/2019/10/no-more-mixed-messages-about-https.html @ https://baike.baidu.com/item/%E7%B4%AB%E9%87%91%E9%99%88/1712344:0
[   36552ms] [INFO] Loading the image 'http://t14.baidu.com/it/u=2504459528,3724858046&fm=255&app=106&f=JPEG?w=720&h=405' violates the following Content Security Policy directive: "default-src https: 'unsafe-inline' 'unsafe-eval' data: blob:". Note that 'img-src' was not explicitly set, so 'default-src' is used as a fallback. The policy is report-only, so the violation has been logged but no further action has been taken. @ https://baike.baidu.com/item/%E7%B4%AB%E9%87%91%E9%99%88/1712344:0
[   36552ms] [WARNING] Mixed Content: The page at 'https://baike.baidu.com/item/%E7%B4%AB%E9%87%91%E9%99%88/1712344' was loaded over HTTPS, but requested an insecure element 'http://t14.baidu.com/it/u=2504459528,3724858046&fm=255&app=106&f=JPEG?w=720&h=405'. This request was automatically upgraded to HTTPS, For more information see https://blog.chromium.org/2019/10/no-more-mixed-messages-about-https.html @ https://baike.baidu.com/item/%E7%B4%AB%E9%87%91%E9%99%88/1712344:0
[   36552ms] [INFO] Loading the image 'http://f7.baidu.com/it/u=1271409489,4195327090&fm=222&app=106&f=JPEG?w=658&h=370&s=BD81C9170B3A6C151C9118FA0300B030@s_1,w_660,h_370' violates the following Content Security Policy directive: "default-src https: 'unsafe-inline' 'unsafe-eval' data: blob:". Note that 'img-src' was not explicitly set, so 'default-src' is used as a fallback. The policy is report-only, so the violation has been logged but no further action has been taken. @ https://baike.baidu.com/item/%E7%B4%AB%E9%87%91%E9%99%88/1712344:0
[   36552ms] [WARNING] Mixed Content: The page at 'https://baike.baidu.com/item/%E7%B4%AB%E9%87%91%E9%99%88/1712344' was loaded over HTTPS, but requested an insecure element 'http://f7.baidu.com/it/u=1271409489,4195327090&fm=222&app=106&f=JPEG?w=658&h=370&s=BD81C9170B3A6C151C9118FA0300B030@s_1,w_660,h_370'. This request was automatically upgraded to HTTPS, For more information see https://blog.chromium.org/2019/10/no-more-mixed-messages-about-https.html @ https://baike.baidu.com/item/%E7%B4%AB%E9%87%91%E9%99%88/1712344:0
[   38126ms] [INFO] Loading the image 'http://f7.baidu.com/it/u=331515765,112744028&fm=222&app=106&f=JPEG?w=1080&h=608&s=3D806B953A5644DC53B4688F03007060' violates the following Content Security Policy directive: "default-src https: 'unsafe-inline' 'unsafe-eval' data: blob:". Note that 'img-src' was not explicitly set, so 'default-src' is used as a fallback. The policy is report-only, so the violation has been logged but no further action has been taken. @ https://baike.baidu.com/item/%E7%B4%AB%E9%87%91%E9%99%88/1712344:0
[   38126ms] [WARNING] Mixed Content: The page at 'https://baike.baidu.com/item/%E7%B4%AB%E9%87%91%E9%99%88/1712344' was loaded over HTTPS, but requested an insecure element 'http://f7.baidu.com/it/u=331515765,112744028&fm=222&app=106&f=JPEG?w=1080&h=608&s=3D806B953A5644DC53B4688F03007060'. This request was automatically upgraded to HTTPS, For more information see https://blog.chromium.org/2019/10/no-more-mixed-messages-about-https.html @ https://baike.baidu.com/item/%E7%B4%AB%E9%87%91%E9%99%88/1712344:0
[   38126ms] [INFO] Loading media from  'http://vd2.bdstatic.com/mda-sa5362sdqp5cymru/1080p/h264_cae/1767665679435407657/mda-sa5362sdqp5cymru.mp4' violates the following Content Security Policy directive: "default-src https: 'unsafe-inline' 'unsafe-eval' data: blob:". Note that 'media-src' was not explicitly set, so 'default-src' is used as a fallback. The policy is report-only, so the violation has been logged but no further action has been taken. @ https://baike.baidu.com/item/%E7%B4%AB%E9%87%91%E9%99%88/1712344:0
[   38127ms] [INFO] Loading media from  'http://vd2.bdstatic.com/mda-sa5362sdqp5cymru/1080p/h264_cae/1767665679435407657/mda-sa5362sdqp5cymru.mp4' violates the following Content Security Policy directive: "default-src https: 'unsafe-inline' 'unsafe-eval' data: blob:". Note that 'media-src' was not explicitly set, so 'default-src' is used as a fallback. The policy is report-only, so the violation has been logged but no further action has been taken. @ https://baike.baidu.com/item/%E7%B4%AB%E9%87%91%E9%99%88/1712344:0
[   38127ms] [WARNING] Mixed Content: The page at 'https://baike.baidu.com/item/%E7%B4%AB%E9%87%91%E9%99%88/1712344' was loaded over HTTPS, but requested an insecure element 'http://vd2.bdstatic.com/mda-sa5362sdqp5cymru/1080p/h264_cae/1767665679435407657/mda-sa5362sdqp5cymru.mp4'. This request was automatically upgraded to HTTPS, For more information see https://blog.chromium.org/2019/10/no-more-mixed-messages-about-https.html @ https://baike.baidu.com/item/%E7%B4%AB%E9%87%91%E9%99%88/1712344:0
[   38555ms] [WARNING] Mixed Content: The page at 'https://baike.baidu.com/item/%E7%B4%AB%E9%87%91%E9%99%88/1712344' was loaded over HTTPS, but requested an insecure video 'http://vd2.bdstatic.com/mda-sa5362sdqp5cymru/1080p/h264_cae/1767665679435407657/mda-sa5362sdqp5cymru.mp4'. This content should also be served over HTTPS. @ https://baike.baidu.com/item/%E7%B4%AB%E9%87%91%E9%99%88/1712344:0
[   38597ms] [INFO] Loading the image 'http://f7.baidu.com/it/u=331515765,112744028&fm=222&app=106&f=JPEG?w=1080&h=608&s=3D806B953A5644DC53B4688F03007060' violates the following Content Security Policy directive: "default-src https: 'unsafe-inline' 'unsafe-eval' data: blob:". Note that 'img-src' was not explicitly set, so 'default-src' is used as a fallback. The policy is report-only, so the violation has been logged but no further action has been taken. @ https://bkssl.bdimg.com/resource/lemma/lemma_1a88f8ac.js:0
[   38597ms] [WARNING] Mixed Content: The page at 'https://baike.baidu.com/item/%E7%B4%AB%E9%87%91%E9%99%88/1712344' was loaded over HTTPS, but requested an insecure element 'http://f7.baidu.com/it/u=331515765,112744028&fm=222&app=106&f=JPEG?w=1080&h=608&s=3D806B953A5644DC53B4688F03007060'. This request was automatically upgraded to HTTPS, For more information see https://blog.chromium.org/2019/10/no-more-mixed-messages-about-https.html @ https://bkssl.bdimg.com/resource/lemma/lemma_1a88f8ac.js:0
[   84592ms] [ERROR] AbortError: The play() request was interrupted by a call to pause(). https://goo.gl/LdLk22 @ https://bkssl.bdimg.com/resource/lemma/762_3e89f333.js:0
[   84592ms] [ERROR] AbortError: The play() request was interrupted by a call to pause(). https://goo.gl/LdLk22 @ https://bkssl.bdimg.com/resource/lemma/762_3e89f333.js:0
[   84592ms] [ERROR] AbortError: The play() request was interrupted by a call to pause(). https://goo.gl/LdLk22 @ https://bkssl.bdimg.com/resource/lemma/762_3e89f333.js:0
[   84592ms] [ERROR] AbortError: The play() request was interrupted by a call to pause(). https://goo.gl/LdLk22 @ https://bkssl.bdimg.com/resource/lemma/762_3e89f333.js:0
[   84592ms] [ERROR] AbortError: The play() request was interrupted by a call to pause(). https://goo.gl/LdLk22 @ https://bkssl.bdimg.com/resource/lemma/762_3e89f333.js:0
[   84592ms] [ERROR] AbortError: The play() request was interrupted by a call to pause(). https://goo.gl/LdLk22 @ https://bkssl.bdimg.com/resource/lemma/762_3e89f333.js:0
[   84592ms] [ERROR] AbortError: The play() request was interrupted by a call to pause(). https://goo.gl/LdLk22 @ https://bkssl.bdimg.com/resource/lemma/762_3e89f333.js:0
[   84593ms] [ERROR] AbortError: The play() request was interrupted by a call to pause(). https://goo.gl/LdLk22 @ https://bkssl.bdimg.com/resource/lemma/762_3e89f333.js:0
[   84593ms] [ERROR] AbortError: The play() request was interrupted by a call to pause(). https://goo.gl/LdLk22 @ https://bkssl.bdimg.com/resource/lemma/762_3e89f333.js:0
[   84593ms] [ERROR] AbortError: The play() request was interrupted by a call to pause(). https://goo.gl/LdLk22 @ https://bkssl.bdimg.com/resource/lemma/762_3e89f333.js:0
[   84593ms] [ERROR] AbortError: The play() request was interrupted by a call to pause(). https://goo.gl/LdLk22 @ https://bkssl.bdimg.com/resource/lemma/762_3e89f333.js:0
[   84593ms] [ERROR] AbortError: The play() request was interrupted by a call to pause(). https://goo.gl/LdLk22 @ https://bkssl.bdimg.com/resource/lemma/762_3e89f333.js:0
[   84593ms] [ERROR] AbortError: The play() request was interrupted by a call to pause(). https://goo.gl/LdLk22 @ https://bkssl.bdimg.com/resource/lemma/762_3e89f333.js:0
[   84593ms] [ERROR] AbortError: The play() request was interrupted by a call to pause(). https://goo.gl/LdLk22 @ https://bkssl.bdimg.com/resource/lemma/762_3e89f333.js:0
[   84593ms] [ERROR] AbortError: The play() request was interrupted by a call to pause(). https://goo.gl/LdLk22 @ https://bkssl.bdimg.com/resource/lemma/762_3e89f333.js:0
[   84593ms] [ERROR] AbortError: The play() request was interrupted by a call to pause(). https://goo.gl/LdLk22 @ https://bkssl.bdimg.com/resource/lemma/762_3e89f333.js:0
[   84593ms] [ERROR] AbortError: The play() request was interrupted by a call to pause(). https://goo.gl/LdLk22 @ https://bkssl.bdimg.com/resource/lemma/762_3e89f333.js:0
[   84593ms] [ERROR] AbortError: The play() request was interrupted by a call to pause(). https://goo.gl/LdLk22 @ https://bkssl.bdimg.com/resource/lemma/762_3e89f333.js:0
[   84593ms] [ERROR] AbortError: The play() request was interrupted by a call to pause(). https://goo.gl/LdLk22 @ https://bkssl.bdimg.com/resource/lemma/762_3e89f333.js:0
[   84593ms] [ERROR] AbortError: The play() request was interrupted by a call to pause(). https://goo.gl/LdLk22 @ https://bkssl.bdimg.com/resource/lemma/762_3e89f333.js:0
[   84593ms] [ERROR] AbortError: The play() request was interrupted by a call to pause(). https://goo.gl/LdLk22 @ https://bkssl.bdimg.com/resource/lemma/762_3e89f333.js:0
[   84593ms] [ERROR] AbortError: The play() request was interrupted by a call to pause(). https://goo.gl/LdLk22 @ https://bkssl.bdimg.com/resource/lemma/762_3e89f333.js:0
[   84593ms] [ERROR] AbortError: The play() request was interrupted by a call to pause(). https://goo.gl/LdLk22 @ https://bkssl.bdimg.com/resource/lemma/762_3e89f333.js:0
[   84593ms] [ERROR] AbortError: The play() request was interrupted by a call to pause(). https://goo.gl/LdLk22 @ https://bkssl.bdimg.com/resource/lemma/762_3e89f333.js:0
[   84593ms] [ERROR] AbortError: The play() request was interrupted by a call to pause(). https://goo.gl/LdLk22 @ https://bkssl.bdimg.com/resource/lemma/762_3e89f333.js:0
[   84593ms] [ERROR] AbortError: The play() request was interrupted by a call to pause(). https://goo.gl/LdLk22 @ https://bkssl.bdimg.com/resource/lemma/762_3e89f333.js:0
[   84593ms] [ERROR] AbortError: The play() request was interrupted by a call to pause(). https://goo.gl/LdLk22 @ https://bkssl.bdimg.com/resource/lemma/762_3e89f333.js:0
[   84593ms] [ERROR] AbortError: The play() request was interrupted by a call to pause(). https://goo.gl/LdLk22 @ https://bkssl.bdimg.com/resource/lemma/762_3e89f333.js:0
[   84593ms] [ERROR] AbortError: The play() request was interrupted by a call to pause(). https://goo.gl/LdLk22 @ https://bkssl.bdimg.com/resource/lemma/762_3e89f333.js:0
[   84593ms] [ERROR] AbortError: The play() request was interrupted by a call to pause(). https://goo.gl/LdLk22 @ https://bkssl.bdimg.com/resource/lemma/762_3e89f333.js:0
[   84593ms] [ERROR] AbortError: The play() request was interrupted by a call to pause(). https://goo.gl/LdLk22 @ https://bkssl.bdimg.com/resource/lemma/762_3e89f333.js:0
[   84593ms] [ERROR] AbortError: The play() request was interrupted by a call to pause(). https://goo.gl/LdLk22 @ https://bkssl.bdimg.com/resource/lemma/762_3e89f333.js:0
[   84593ms] [ERROR] AbortError: The play() request was interrupted by a call to pause(). https://goo.gl/LdLk22 @ https://bkssl.bdimg.com/resource/lemma/762_3e89f333.js:0
[   84593ms] [ERROR] AbortError: The play() request was interrupted by a call to pause(). https://goo.gl/LdLk22 @ https://bkssl.bdimg.com/resource/lemma/762_3e89f333.js:0
[   84593ms] [ERROR] AbortError: The play() request was interrupted by a call to pause(). https://goo.gl/LdLk22 @ https://bkssl.bdimg.com/resource/lemma/762_3e89f333.js:0
[   84593ms] [ERROR] AbortError: The play() request was interrupted by a call to pause(). https://goo.gl/LdLk22 @ https://bkssl.bdimg.com/resource/lemma/762_3e89f333.js:0
[   84593ms] [ERROR] AbortError: The play() request was interrupted by a call to pause(). https://goo.gl/LdLk22 @ https://bkssl.bdimg.com/resource/lemma/762_3e89f333.js:0
[   84593ms] [ERROR] AbortError: The play() request was interrupted by a call to pause(). https://goo.gl/LdLk22 @ https://bkssl.bdimg.com/resource/lemma/762_3e89f333.js:0
[   84593ms] [ERROR] AbortError: The play() request was interrupted by a call to pause(). https://goo.gl/LdLk22 @ https://bkssl.bdimg.com/resource/lemma/762_3e89f333.js:0
[   84594ms] [ERROR] AbortError: The play() request was interrupted by a call to pause(). https://goo.gl/LdLk22 @ https://bkssl.bdimg.com/resource/lemma/762_3e89f333.js:0
[   84594ms] [ERROR] AbortError: The play() request was interrupted by a call to pause(). https://goo.gl/LdLk22 @ https://bkssl.bdimg.com/resource/lemma/762_3e89f333.js:0
[   84594ms] [ERROR] AbortError: The play() request was interrupted by a call to pause(). https://goo.gl/LdLk22 @ https://bkssl.bdimg.com/resource/lemma/762_3e89f333.js:0
[   84594ms] [ERROR] AbortError: The play() request was interrupted by a call to pause(). https://goo.gl/LdLk22 @ https://bkssl.bdimg.com/resource/lemma/762_3e89f333.js:0
[   84594ms] [ERROR] AbortError: The play() request was interrupted by a call to pause(). https://goo.gl/LdLk22 @ https://bkssl.bdimg.com/resource/lemma/762_3e89f333.js:0
[   84594ms] [ERROR] AbortError: The play() request was interrupted by a call to pause(). https://goo.gl/LdLk22 @ https://bkssl.bdimg.com/resource/lemma/762_3e89f333.js:0
[   84594ms] [ERROR] AbortError: The play() request was interrupted by a call to pause(). https://goo.gl/LdLk22 @ https://bkssl.bdimg.com/resource/lemma/762_3e89f333.js:0
[   84594ms] [ERROR] AbortError: The play() request was interrupted by a call to pause(). https://goo.gl/LdLk22 @ https://bkssl.bdimg.com/resource/lemma/762_3e89f333.js:0
[   84594ms] [ERROR] AbortError: The play() request was interrupted by a call to pause(). https://goo.gl/LdLk22 @ https://bkssl.bdimg.com/resource/lemma/762_3e89f333.js:0
[   84594ms] [ERROR] AbortError: The play() request was interrupted by a call to pause(). https://goo.gl/LdLk22 @ https://bkssl.bdimg.com/resource/lemma/762_3e89f333.js:0
[   84594ms] [ERROR] AbortError: The play() request was interrupted by a call to pause(). https://goo.gl/LdLk22 @ https://bkssl.bdimg.com/resource/lemma/762_3e89f333.js:0
[   84594ms] [ERROR] AbortError: The play() request was interrupted by a call to pause(). https://goo.gl/LdLk22 @ https://bkssl.bdimg.com/resource/lemma/762_3e89f333.js:0
[   84594ms] [ERROR] AbortError: The play() request was interrupted by a call to pause(). https://goo.gl/LdLk22 @ https://bkssl.bdimg.com/resource/lemma/762_3e89f333.js:0
[   84594ms] [ERROR] AbortError: The play() request was interrupted by a call to pause(). https://goo.gl/LdLk22 @ https://bkssl.bdimg.com/resource/lemma/762_3e89f333.js:0
[   84594ms] [ERROR] AbortError: The play() request was interrupted by a call to pause(). https://goo.gl/LdLk22 @ https://bkssl.bdimg.com/resource/lemma/762_3e89f333.js:0
[   84594ms] [ERROR] AbortError: The play() request was interrupted by a call to pause(). https://goo.gl/LdLk22 @ https://bkssl.bdimg.com/resource/lemma/762_3e89f333.js:0
[   84594ms] [ERROR] AbortError: The play() request was interrupted by a call to pause(). https://goo.gl/LdLk22 @ https://bkssl.bdimg.com/resource/lemma/762_3e89f333.js:0
[   84594ms] [ERROR] AbortError: The play() request was interrupted by a call to pause(). https://goo.gl/LdLk22 @ https://bkssl.bdimg.com/resource/lemma/762_3e89f333.js:0
[   84594ms] [ERROR] AbortError: The play() request was interrupted by a call to pause(). https://goo.gl/LdLk22 @ https://bkssl.bdimg.com/resource/lemma/762_3e89f333.js:0
[   84594ms] [ERROR] AbortError: The play() request was interrupted by a call to pause(). https://goo.gl/LdLk22 @ https://bkssl.bdimg.com/resource/lemma/762_3e89f333.js:0
[   84594ms] [ERROR] AbortError: The play() request was interrupted by a call to pause(). https://goo.gl/LdLk22 @ https://bkssl.bdimg.com/resource/lemma/762_3e89f333.js:0
[   84594ms] [ERROR] AbortError: The play() request was interrupted by a call to pause(). https://goo.gl/LdLk22 @ https://bkssl.bdimg.com/resource/lemma/762_3e89f333.js:0
[   84594ms] [ERROR] AbortError: The play() request was interrupted by a call to pause(). https://goo.gl/LdLk22 @ https://bkssl.bdimg.com/resource/lemma/762_3e89f333.js:0
[   84594ms] [ERROR] AbortError: The play() request was interrupted by a call to pause(). https://goo.gl/LdLk22 @ https://bkssl.bdimg.com/resource/lemma/762_3e89f333.js:0
[   84594ms] [ERROR] AbortError: The play() request was interrupted by a call to pause(). https://goo.gl/LdLk22 @ https://bkssl.bdimg.com/resource/lemma/762_3e89f333.js:0
[   84594ms] [ERROR] AbortError: The play() request was interrupted by a call to pause(). https://goo.gl/LdLk22 @ https://bkssl.bdimg.com/resource/lemma/762_3e89f333.js:0
[   84595ms] [ERROR] AbortError: The play() request was interrupted by a call to pause(). https://goo.gl/LdLk22 @ https://bkssl.bdimg.com/resource/lemma/762_3e89f333.js:0
[   84595ms] [ERROR] AbortError: The play() request was interrupted by a call to pause(). https://goo.gl/LdLk22 @ https://bkssl.bdimg.com/resource/lemma/762_3e89f333.js:0
[   84595ms] [ERROR] AbortError: The play() request was interrupted by a call to pause(). https://goo.gl/LdLk22 @ https://bkssl.bdimg.com/resource/lemma/762_3e89f333.js:0
[   84595ms] [ERROR] AbortError: The play() request was interrupted by a call to pause(). https://goo.gl/LdLk22 @ https://bkssl.bdimg.com/resource/lemma/762_3e89f333.js:0
[   84595ms] [ERROR] AbortError: The play() request was interrupted by a call to pause(). https://goo.gl/LdLk22 @ https://bkssl.bdimg.com/resource/lemma/762_3e89f333.js:0
[   84595ms] [ERROR] AbortError: The play() request was interrupted by a call to pause(). https://goo.gl/LdLk22 @ https://bkssl.bdimg.com/resource/lemma/762_3e89f333.js:0
[   84595ms] [ERROR] AbortError: The play() request was interrupted by a call to pause(). https://goo.gl/LdLk22 @ https://bkssl.bdimg.com/resource/lemma/762_3e89f333.js:0
[   84595ms] [ERROR] AbortError: The play() request was interrupted by a call to pause(). https://goo.gl/LdLk22 @ https://bkssl.bdimg.com/resource/lemma/762_3e89f333.js:0
[   84595ms] [ERROR] AbortError: The play() request was interrupted by a call to pause(). https://goo.gl/LdLk22 @ https://bkssl.bdimg.com/resource/lemma/762_3e89f333.js:0
[   84595ms] [ERROR] AbortError: The play() request was interrupted by a call to pause(). https://goo.gl/LdLk22 @ https://bkssl.bdimg.com/resource/lemma/762_3e89f333.js:0
[   84595ms] [ERROR] AbortError: The play() request was interrupted by a call to pause(). https://goo.gl/LdLk22 @ https://bkssl.bdimg.com/resource/lemma/762_3e89f333.js:0
[   84595ms] [ERROR] AbortError: The play() request was interrupted by a call to pause(). https://goo.gl/LdLk22 @ https://bkssl.bdimg.com/resource/lemma/762_3e89f333.js:0
[   84595ms] [ERROR] AbortError: The play() request was interrupted by a call to pause(). https://goo.gl/LdLk22 @ https://bkssl.bdimg.com/resource/lemma/762_3e89f333.js:0
[   84595ms] [ERROR] AbortError: The play() request was interrupted by a call to pause(). https://goo.gl/LdLk22 @ https://bkssl.bdimg.com/resource/lemma/762_3e89f333.js:0
[   84595ms] [ERROR] AbortError: The play() request was interrupted by a call to pause(). https://goo.gl/LdLk22 @ https://bkssl.bdimg.com/resource/lemma/762_3e89f333.js:0
[   84596ms] [ERROR] AbortError: The play() request was interrupted by a call to pause(). https://goo.gl/LdLk22 @ https://bkssl.bdimg.com/resource/lemma/762_3e89f333.js:0
[   84596ms] [ERROR] AbortError: The play() request was interrupted by a call to pause(). https://goo.gl/LdLk22 @ https://bkssl.bdimg.com/resource/lemma/762_3e89f333.js:0
[   84596ms] [ERROR] AbortError: The play() request was interrupted by a call to pause(). https://goo.gl/LdLk22 @ https://bkssl.bdimg.com/resource/lemma/762_3e89f333.js:0
[   84596ms] [ERROR] AbortError: The play() request was interrupted by a call to pause(). https://goo.gl/LdLk22 @ https://bkssl.bdimg.com/resource/lemma/762_3e89f333.js:0
[   84596ms] [ERROR] AbortError: The play() request was interrupted by a call to pause(). https://goo.gl/LdLk22 @ https://bkssl.bdimg.com/resource/lemma/762_3e89f333.js:0
[   84596ms] [ERROR] AbortError: The play() request was interrupted by a call to pause(). https://goo.gl/LdLk22 @ https://bkssl.bdimg.com/resource/lemma/762_3e89f333.js:0
[   84596ms] [ERROR] AbortError: The play() request was interrupted by a call to pause(). https://goo.gl/LdLk22 @ https://bkssl.bdimg.com/resource/lemma/762_3e89f333.js:0
[   84596ms] [ERROR] AbortError: The play() request was interrupted by a call to pause(). https://goo.gl/LdLk22 @ https://bkssl.bdimg.com/resource/lemma/762_3e89f333.js:0
[   84596ms] [ERROR] AbortError: The play() request was interrupted by a call to pause(). https://goo.gl/LdLk22 @ https://bkssl.bdimg.com/resource/lemma/762_3e89f333.js:0
[   84596ms] [ERROR] AbortError: The play() request was interrupted by a call to pause(). https://goo.gl/LdLk22 @ https://bkssl.bdimg.com/resource/lemma/762_3e89f333.js:0
[   84596ms] [ERROR] AbortError: The play() request was interrupted by a call to pause(). https://goo.gl/LdLk22 @ https://bkssl.bdimg.com/resource/lemma/762_3e89f333.js:0
[   84596ms] [ERROR] AbortError: The play() request was interrupted by a call to pause(). https://goo.gl/LdLk22 @ https://bkssl.bdimg.com/resource/lemma/762_3e89f333.js:0
[   84596ms] [ERROR] AbortError: The play() request was interrupted by a call to pause(). https://goo.gl/LdLk22 @ https://bkssl.bdimg.com/resource/lemma/762_3e89f333.js:0
[   84596ms] [ERROR] AbortError: The play() request was interrupted by a call to pause(). https://goo.gl/LdLk22 @ https://bkssl.bdimg.com/resource/lemma/762_3e89f333.js:0
[   84596ms] [ERROR] AbortError: The play() request was interrupted by a call to pause(). https://goo.gl/LdLk22 @ https://bkssl.bdimg.com/resource/lemma/762_3e89f333.js:0
[   84597ms] [ERROR] AbortError: The play() request was interrupted by a call to pause(). https://goo.gl/LdLk22 @ https://bkssl.bdimg.com/resource/lemma/762_3e89f333.js:0
[   84597ms] [ERROR] AbortError: The play() request was interrupted by a call to pause(). https://goo.gl/LdLk22 @ https://bkssl.bdimg.com/resource/lemma/762_3e89f333.js:0
[   84597ms] [ERROR] AbortError: The play() request was interrupted by a call to pause(). https://goo.gl/LdLk22 @ https://bkssl.bdimg.com/resource/lemma/762_3e89f333.js:0
[   84597ms] [ERROR] AbortError: The play() request was interrupted by a call to pause(). https://goo.gl/LdLk22 @ https://bkssl.bdimg.com/resource/lemma/762_3e89f333.js:0
[   84597ms] [ERROR] AbortError: The play() request was interrupted by a call to pause(). https://goo.gl/LdLk22 @ https://bkssl.bdimg.com/resource/lemma/762_3e89f333.js:0
[   84597ms] [ERROR] AbortError: The play() request was interrupted by a call to pause(). https://goo.gl/LdLk22 @ https://bkssl.bdimg.com/resource/lemma/762_3e89f333.js:0
[   84597ms] [ERROR] AbortError: The play() request was interrupted by a call to pause(). https://goo.gl/LdLk22 @ https://bkssl.bdimg.com/resource/lemma/762_3e89f333.js:0
[   84597ms] [ERROR] AbortError: The play() request was interrupted by a call to pause(). https://goo.gl/LdLk22 @ https://bkssl.bdimg.com/resource/lemma/762_3e89f333.js:0
[   84597ms] [ERROR] AbortError: The play() request was interrupted by a call to pause(). https://goo.gl/LdLk22 @ https://bkssl.bdimg.com/resource/lemma/762_3e89f333.js:0
[   84597ms] [ERROR] AbortError: The play() request was interrupted by a call to pause(). https://goo.gl/LdLk22 @ https://bkssl.bdimg.com/resource/lemma/762_3e89f333.js:0
[   84597ms] [ERROR] AbortError: The play() request was interrupted by a call to pause(). https://goo.gl/LdLk22 @ https://bkssl.bdimg.com/resource/lemma/762_3e89f333.js:0
[   84597ms] [ERROR] AbortError: The play() request was interrupted by a call to pause(). https://goo.gl/LdLk22 @ https://bkssl.bdimg.com/resource/lemma/762_3e89f333.js:0
[   84597ms] [ERROR] AbortError: The play() request was interrupted by a call to pause(). https://goo.gl/LdLk22 @ https://bkssl.bdimg.com/resource/lemma/762_3e89f333.js:0
[   84598ms] [ERROR] AbortError: The play() request was interrupted by a call to pause(). https://goo.gl/LdLk22 @ https://bkssl.bdimg.com/resource/lemma/762_3e89f333.js:0
[   84598ms] [ERROR] AbortError: The play() request was interrupted by a call to pause(). https://goo.gl/LdLk22 @ https://bkssl.bdimg.com/resource/lemma/762_3e89f333.js:0
[   84598ms] [ERROR] AbortError: The play() request was interrupted by a call to pause(). https://goo.gl/LdLk22 @ https://bkssl.bdimg.com/resource/lemma/762_3e89f333.js:0
[   84598ms] [ERROR] AbortError: The play() request was interrupted by a call to pause(). https://goo.gl/LdLk22 @ https://bkssl.bdimg.com/resource/lemma/762_3e89f333.js:0
[   84598ms] [ERROR] AbortError: The play() request was interrupted by a call to pause(). https://goo.gl/LdLk22 @ https://bkssl.bdimg.com/resource/lemma/762_3e89f333.js:0
[   84598ms] [ERROR] AbortError: The play() request was interrupted by a call to pause(). https://goo.gl/LdLk22 @ https://bkssl.bdimg.com/resource/lemma/762_3e89f333.js:0
[   84598ms] [ERROR] AbortError: The play() request was interrupted by a call to pause(). https://goo.gl/LdLk22 @ https://bkssl.bdimg.com/resource/lemma/762_3e89f333.js:0
[   84598ms] [ERROR] AbortError: The play() request was interrupted by a call to pause(). https://goo.gl/LdLk22 @ https://bkssl.bdimg.com/resource/lemma/762_3e89f333.js:0
[   84598ms] [ERROR] AbortError: The play() request was interrupted by a call to pause(). https://goo.gl/LdLk22 @ https://bkssl.bdimg.com/resource/lemma/762_3e89f333.js:0
[   84598ms] [ERROR] AbortError: The play() request was interrupted by a call to pause(). https://goo.gl/LdLk22 @ https://bkssl.bdimg.com/resource/lemma/762_3e89f333.js:0
[   84598ms] [ERROR] AbortError: The play() request was interrupted by a call to pause(). https://goo.gl/LdLk22 @ https://bkssl.bdimg.com/resource/lemma/762_3e89f333.js:0
[   84598ms] [ERROR] AbortError: The play() request was interrupted by a call to pause(). https://goo.gl/LdLk22 @ https://bkssl.bdimg.com/resource/lemma/762_3e89f333.js:0
[   84598ms] [ERROR] AbortError: The play() request was interrupted by a call to pause(). https://goo.gl/LdLk22 @ https://bkssl.bdimg.com/resource/lemma/762_3e89f333.js:0
[   84598ms] [ERROR] AbortError: The play() request was interrupted by a call to pause(). https://goo.gl/LdLk22 @ https://bkssl.bdimg.com/resource/lemma/762_3e89f333.js:0
[   84598ms] [ERROR] AbortError: The play() request was interrupted by a call to pause(). https://goo.gl/LdLk22 @ https://bkssl.bdimg.com/resource/lemma/762_3e89f333.js:0
[   84598ms] [ERROR] AbortError: The play() request was interrupted by a call to pause(). https://goo.gl/LdLk22 @ https://bkssl.bdimg.com/resource/lemma/762_3e89f333.js:0
[   84598ms] [ERROR] AbortError: The play() request was interrupted by a call to pause(). https://goo.gl/LdLk22 @ https://bkssl.bdimg.com/resource/lemma/762_3e89f333.js:0
[   84598ms] [ERROR] AbortError: The play() request was interrupted by a call to pause(). https://goo.gl/LdLk22 @ https://bkssl.bdimg.com/resource/lemma/762_3e89f333.js:0
[   84598ms] [ERROR] AbortError: The play() request was interrupted by a call to pause(). https://goo.gl/LdLk22 @ https://bkssl.bdimg.com/resource/lemma/762_3e89f333.js:0
[   84598ms] [ERROR] AbortError: The play() request was interrupted by a call to pause(). https://goo.gl/LdLk22 @ https://bkssl.bdimg.com/resource/lemma/762_3e89f333.js:0
[   84598ms] [ERROR] AbortError: The play() request was interrupted by a call to pause(). https://goo.gl/LdLk22 @ https://bkssl.bdimg.com/resource/lemma/762_3e89f333.js:0
[   84599ms] [ERROR] AbortError: The play() request was interrupted by a call to pause(). https://goo.gl/LdLk22 @ https://bkssl.bdimg.com/resource/lemma/762_3e89f333.js:0
[   84599ms] [ERROR] AbortError: The play() request was interrupted by a call to pause(). https://goo.gl/LdLk22 @ https://bkssl.bdimg.com/resource/lemma/762_3e89f333.js:0
[   87195ms] [INFO] Loading the image 'http://f7.baidu.com/it/u=331515765,112744028&fm=222&app=106&f=JPEG?w=1080&h=608&s=3D806B953A5644DC53B4688F03007060' violates the following Content Security Policy directive: "default-src https: 'unsafe-inline' 'unsafe-eval' data: blob:". Note that 'img-src' was not explicitly set, so 'default-src' is used as a fallback. The policy is report-only, so the violation has been logged but no further action has been taken. @ https://baike.baidu.com/item/%E7%B4%AB%E9%87%91%E9%99%88/1712344:0
[   87195ms] [WARNING] Mixed Content: The page at 'https://baike.baidu.com/item/%E7%B4%AB%E9%87%91%E9%99%88/1712344' was loaded over HTTPS, but requested an insecure element 'http://f7.baidu.com/it/u=331515765,112744028&fm=222&app=106&f=JPEG?w=1080&h=608&s=3D806B953A5644DC53B4688F03007060'. This request was automatically upgraded to HTTPS, For more information see https://blog.chromium.org/2019/10/no-more-mixed-messages-about-https.html @ https://baike.baidu.com/item/%E7%B4%AB%E9%87%91%E9%99%88/1712344:0
[   87205ms] [INFO] Loading media from  'http://vd2.bdstatic.com/mda-sa5362sdqp5cymru/1080p/h264_cae/1767665679435407657/mda-sa5362sdqp5cymru.mp4' violates the following Content Security Policy directive: "default-src https: 'unsafe-inline' 'unsafe-eval' data: blob:". Note that 'media-src' was not explicitly set, so 'default-src' is used as a fallback. The policy is report-only, so the violation has been logged but no further action has been taken. @ https://baike.baidu.com/item/%E7%B4%AB%E9%87%91%E9%99%88/1712344:0
[   87205ms] [INFO] Loading media from  'http://vd2.bdstatic.com/mda-sa5362sdqp5cymru/1080p/h264_cae/1767665679435407657/mda-sa5362sdqp5cymru.mp4' violates the following Content Security Policy directive: "default-src https: 'unsafe-inline' 'unsafe-eval' data: blob:". Note that 'media-src' was not explicitly set, so 'default-src' is used as a fallback. The policy is report-only, so the violation has been logged but no further action has been taken. @ https://baike.baidu.com/item/%E7%B4%AB%E9%87%91%E9%99%88/1712344:0
[   87206ms] [WARNING] Mixed Content: The page at 'https://baike.baidu.com/item/%E7%B4%AB%E9%87%91%E9%99%88/1712344' was loaded over HTTPS, but requested an insecure element 'http://vd2.bdstatic.com/mda-sa5362sdqp5cymru/1080p/h264_cae/1767665679435407657/mda-sa5362sdqp5cymru.mp4'. This request was automatically upgraded to HTTPS, For more information see https://blog.chromium.org/2019/10/no-more-mixed-messages-about-https.html @ https://baike.baidu.com/item/%E7%B4%AB%E9%87%91%E9%99%88/1712344:0
[   87228ms] [WARNING] Mixed Content: The page at 'https://baike.baidu.com/item/%E7%B4%AB%E9%87%91%E9%99%88/1712344' was loaded over HTTPS, but requested an insecure video 'http://vd2.bdstatic.com/mda-sa5362sdqp5cymru/1080p/h264_cae/1767665679435407657/mda-sa5362sdqp5cymru.mp4'. This content should also be served over HTTPS. @ https://baike.baidu.com/item/%E7%B4%AB%E9%87%91%E9%99%88/1712344:0
[   87236ms] [INFO] Loading media from  'http://vd2.bdstatic.com/mda-sa5362sdqp5cymru/1080p/h264_cae/1767665679435407657/mda-sa5362sdqp5cymru.mp4' violates the following Content Security Policy directive: "default-src https: 'unsafe-inline' 'unsafe-eval' data: blob:". Note that 'media-src' was not explicitly set, so 'default-src' is used as a fallback. The policy is report-only, so the violation has been logged but no further action has been taken. @ https://baike.baidu.com/item/%E7%B4%AB%E9%87%91%E9%99%88/1712344:0
[   87236ms] [WARNING] Mixed Content: The page at 'https://baike.baidu.com/item/%E7%B4%AB%E9%87%91%E9%99%88/1712344' was loaded over HTTPS, but requested an insecure element 'http://vd2.bdstatic.com/mda-sa5362sdqp5cymru/1080p/h264_cae/1767665679435407657/mda-sa5362sdqp5cymru.mp4'. This request was automatically upgraded to HTTPS, For more information see https://blog.chromium.org/2019/10/no-more-mixed-messages-about-https.html @ https://baike.baidu.com/item/%E7%B4%AB%E9%87%91%E9%99%88/1712344:0
[   87534ms] [INFO] Loading media from  'http://vd2.bdstatic.com/mda-sa5362sdqp5cymru/1080p/h264_cae/1767665679435407657/mda-sa5362sdqp5cymru.mp4' violates the following Content Security Policy directive: "default-src https: 'unsafe-inline' 'unsafe-eval' data: blob:". Note that 'media-src' was not explicitly set, so 'default-src' is used as a fallback. The policy is report-only, so the violation has been logged but no further action has been taken. @ https://baike.baidu.com/item/%E7%B4%AB%E9%87%91%E9%99%88/1712344:0
[   87534ms] [WARNING] Mixed Content: The page at 'https://baike.baidu.com/item/%E7%B4%AB%E9%87%91%E9%99%88/1712344' was loaded over HTTPS, but requested an insecure element 'http://vd2.bdstatic.com/mda-sa5362sdqp5cymru/1080p/h264_cae/1767665679435407657/mda-sa5362sdqp5cymru.mp4'. This request was automatically upgraded to HTTPS, For more information see https://blog.chromium.org/2019/10/no-more-mixed-messages-about-https.html @ https://baike.baidu.com/item/%E7%B4%AB%E9%87%91%E9%99%88/1712344:0
[   96508ms] [INFO] Loading the image 'http://tukuimg.bdstatic.com/scrop/618424175568584627.jpeg@s_1,w_660,h_370' violates the following Content Security Policy directive: "default-src https: 'unsafe-inline' 'unsafe-eval' data: blob:". Note that 'img-src' was not explicitly set, so 'default-src' is used as a fallback. The policy is report-only, so the violation has been logged but no further action has been taken. @ https://baike.baidu.com/item/%E7%B4%AB%E9%87%91%E9%99%88/1712344:0
[   96511ms] [WARNING] Mixed Content: The page at 'https://baike.baidu.com/item/%E7%B4%AB%E9%87%91%E9%99%88/1712344' was loaded over HTTPS, but requested an insecure element 'http://tukuimg.bdstatic.com/scrop/618424175568584627.jpeg@s_1,w_660,h_370'. This request was automatically upgraded to HTTPS, For more information see https://blog.chromium.org/2019/10/no-more-mixed-messages-about-https.html @ https://baike.baidu.com/item/%E7%B4%AB%E9%87%91%E9%99%88/1712344:0
[   96511ms] [INFO] Loading the image 'http://tukuimg.bdstatic.com/scrop/618576440432712713.jpeg@s_1,w_660,h_370' violates the following Content Security Policy directive: "default-src https: 'unsafe-inline' 'unsafe-eval' data: blob:". Note that 'img-src' was not explicitly set, so 'default-src' is used as a fallback. The policy is report-only, so the violation has been logged but no further action has been taken. @ https://baike.baidu.com/item/%E7%B4%AB%E9%87%91%E9%99%88/1712344:0
[   96511ms] [WARNING] Mixed Content: The page at 'https://baike.baidu.com/item/%E7%B4%AB%E9%87%91%E9%99%88/1712344' was loaded over HTTPS, but requested an insecure element 'http://tukuimg.bdstatic.com/scrop/618576440432712713.jpeg@s_1,w_660,h_370'. This request was automatically upgraded to HTTPS, For more information see https://blog.chromium.org/2019/10/no-more-mixed-messages-about-https.html @ https://baike.baidu.com/item/%E7%B4%AB%E9%87%91%E9%99%88/1712344:0
[  106979ms] [INFO] Loading the image 'http://f7.baidu.com/it/u=1510432083,601538090&fm=222&app=106&f=JPEG?w=720&h=405&s=17301E895E73DBCA52B975CC0300E020' violates the following Content Security Policy directive: "default-src https: 'unsafe-inline' 'unsafe-eval' data: blob:". Note that 'img-src' was not explicitly set, so 'default-src' is used as a fallback. The policy is report-only, so the violation has been logged but no further action has been taken. @ https://baike.baidu.com/item/%E7%B4%AB%E9%87%91%E9%99%88/1712344:0
[  106979ms] [WARNING] Mixed Content: The page at 'https://baike.baidu.com/item/%E7%B4%AB%E9%87%91%E9%99%88/1712344' was loaded over HTTPS, but requested an insecure element 'http://f7.baidu.com/it/u=1510432083,601538090&fm=222&app=106&f=JPEG?w=720&h=405&s=17301E895E73DBCA52B975CC0300E020'. This request was automatically upgraded to HTTPS, For more information see https://blog.chromium.org/2019/10/no-more-mixed-messages-about-https.html @ https://baike.baidu.com/item/%E7%B4%AB%E9%87%91%E9%99%88/1712344:0
