[      77ms] Unexpected token '<'
[      79ms] Unexpected token '<'
[     945ms] [ERROR] Failed to load resource: the server responded with a status of 404 () @ https://cwsp.cuc.edu.cn/UAP/Modules/JS/Eng/Eng.js:0
[    1050ms] [VERBOSE] [DOM] Password field is not contained in a form: (More info: https://goo.gl/9p2vKq) %o @ https://cwsp.cuc.edu.cn/UAP/Modules/PC/Default.html?MKDM=SB&YWBH=lw&YWLSH=202605701282:0
[    1436ms] [ERROR] Failed to load resource: the server responded with a status of 404 () @ https://cwsp.cuc.edu.cn/UAP/Modules/JS/Eng/Eng.js:0
[    1526ms] [VERBOSE] [DOM] Password field is not contained in a form: (More info: https://goo.gl/9p2vKq) %o @ https://cwsp.cuc.edu.cn/UAP/Modules/PC/Invoice.html?cmFuZG9tJTNEODAxNjklMjZNS0RNJTNEU0IlMjZZV0JIJTNEbHclMjZZV0xTSCUzRDIwMjYwNTcwMTI4Mg==:0
[    1526ms] [VERBOSE] [DOM] Password field is not contained in a form: (More info: https://goo.gl/9p2vKq) %o @ https://cwsp.cuc.edu.cn/UAP/Modules/PC/Invoice.html?cmFuZG9tJTNEODAxNjklMjZNS0RNJTNEU0IlMjZZV0JIJTNEbHclMjZZV0xTSCUzRDIwMjYwNTcwMTI4Mg==:0
[    1526ms] [VERBOSE] [DOM] Password field is not contained in a form: (More info: https://goo.gl/9p2vKq) %o @ https://cwsp.cuc.edu.cn/UAP/Modules/PC/Invoice.html?cmFuZG9tJTNEODAxNjklMjZNS0RNJTNEU0IlMjZZV0JIJTNEbHclMjZZV0xTSCUzRDIwMjYwNTcwMTI4Mg==:0
[    2083ms] [LOG] [Array(1), Array(0), Array(0), Array(0), Array(1), Array(0)] @ https://cwsp.cuc.edu.cn/UAP/JS/PC/invoice.js?v=17:1041
[    2159ms] [VERBOSE] [DOM] Multiple forms should be contained in their own form elements; break up complex forms into ones that represent a single action: (More info: https://goo.gl/9p2vKq) %o @ https://cwsp.cuc.edu.cn/UAP/Modules/PC/Invoice.html?cmFuZG9tJTNEODAxNjklMjZNS0RNJTNEU0IlMjZZV0JIJTNEbHclMjZZV0xTSCUzRDIwMjYwNTcwMTI4Mg==:0
[    2301ms] [LOG] {fjPath: ../../UAPFJNR/6000000168797232.pdf, fjType: 4, fjlb: 其他附件, fjWjm: 202605701282-35934.pdf, fjSize: 3.6KB} @ https://cwsp.cuc.edu.cn/UAP/JS/PC/invoice.js?v=17:2011
[    2301ms] [LOG] 6000000168797232.pdf @ https://cwsp.cuc.edu.cn/UAP/JS/PC/invoice.js?v=17:2036
[    2301ms] [LOG] 附件图片显示成功 @ https://cwsp.cuc.edu.cn/UAP/JS/PC/invoice.js?v=17:2063
[  247434ms] [VERBOSE] [DOM] Multiple forms should be contained in their own form elements; break up complex forms into ones that represent a single action: (More info: https://goo.gl/9p2vKq) %o @ https://cwsp.cuc.edu.cn/UAP/Modules/PC/Invoice.html?cmFuZG9tJTNEODAxNjklMjZNS0RNJTNEU0IlMjZZV0JIJTNEbHclMjZZV0xTSCUzRDIwMjYwNTcwMTI4Mg==:0
[  248695ms] [LOG] ../../seals/getSealListByPerson.do @ https://cwsp.cuc.edu.cn/UAP/JS/qz/selectSeal.js?v=3:66
[  248878ms] [LOG] 1 @ https://cwsp.cuc.edu.cn/UAP/JS/qz/selectSeal.js?v=3:79
[  272768ms] [ERROR] Failed to load resource: the server responded with a status of 404 () @ https://cwsp.cuc.edu.cn/UAP/Modules/JS/Eng/Eng.js:0
[  272871ms] [VERBOSE] [DOM] Password field is not contained in a form: (More info: https://goo.gl/9p2vKq) %o @ https://cwsp.cuc.edu.cn/UAP/Modules/PC/Default.html?MKDM=SB&YWBH=lw&YWLSH=202605701282:0
[  273102ms] [ERROR] Failed to load resource: the server responded with a status of 404 () @ https://cwsp.cuc.edu.cn/UAP/Modules/JS/Eng/Eng.js:0
[  273169ms] [VERBOSE] [DOM] Password field is not contained in a form: (More info: https://goo.gl/9p2vKq) %o @ https://cwsp.cuc.edu.cn/UAP/Modules/PC/Invoice.html?cmFuZG9tJTNEMzYzMjUlMjZNS0RNJTNEU0IlMjZZV0JIJTNEbHclMjZZV0xTSCUzRDIwMjYwNTcwMTI4Mg==:0
[  273170ms] [VERBOSE] [DOM] Password field is not contained in a form: (More info: https://goo.gl/9p2vKq) %o @ https://cwsp.cuc.edu.cn/UAP/Modules/PC/Invoice.html?cmFuZG9tJTNEMzYzMjUlMjZNS0RNJTNEU0IlMjZZV0JIJTNEbHclMjZZV0xTSCUzRDIwMjYwNTcwMTI4Mg==:0
[  273170ms] [VERBOSE] [DOM] Password field is not contained in a form: (More info: https://goo.gl/9p2vKq) %o @ https://cwsp.cuc.edu.cn/UAP/Modules/PC/Invoice.html?cmFuZG9tJTNEMzYzMjUlMjZNS0RNJTNEU0IlMjZZV0JIJTNEbHclMjZZV0xTSCUzRDIwMjYwNTcwMTI4Mg==:0
[  273938ms] [LOG] [Array(0), Array(1), Array(0), Array(0), Array(0), Array(0)] @ https://cwsp.cuc.edu.cn/UAP/JS/PC/invoice.js?v=17:1041
[  274137ms] [LOG] {fjPath: ../../UAPFJNR/6000000168797232.pdf, fjType: 4, fjlb: 其他附件, fjWjm: 202605701282-35934.pdf, fjSize: 3.6KB} @ https://cwsp.cuc.edu.cn/UAP/JS/PC/invoice.js?v=17:2011
[  274137ms] [LOG] 6000000168797232.pdf @ https://cwsp.cuc.edu.cn/UAP/JS/PC/invoice.js?v=17:2036
[  274137ms] [LOG] 附件图片显示成功 @ https://cwsp.cuc.edu.cn/UAP/JS/PC/invoice.js?v=17:2063
